This is pdfTeX, Version 3.14159265-2.6-1.40.19 (TeX Live 2018) (preloaded format=pdftex 2019.7.23)  14 SEP 2019 19:26
entering extended mode
 restricted \write18 enabled.
 %&-line parsing enabled.
**Res.tex
(./Res.tex
! Undefined control sequence.
l.1 \documentclass
                  [aps,article,author-year,notitlepage,showpacs]{revtex4-1}
? 
! Undefined control sequence.
l.4 \usepackage
               {color}
? 
! Undefined control sequence.
l.5 \usepackage
               {enumerate}
? 
! Undefined control sequence.
l.6 \usepackage
               {amssymb,amsmath}
? 
! Undefined control sequence.
l.7 \usepackage
               {bm}% bold math
? 
! Undefined control sequence.
l.8 \usepackage
               {bbold}
? 
! Undefined control sequence.
l.11 \begin
           {document}
? 
! Undefined control sequence.
l.13 \large
           
? 
Runaway argument?
 
! Paragraph ended before \\ was complete.
<to be read again> 
                   \par 
l.16 
     
? 
Runaway argument?
 
! Paragraph ended before \\ was complete.
<to be read again> 
                   \par 
l.18 
     
? 
Runaway argument?
 
! Paragraph ended before \\ was complete.
<to be read again> 
                   \par 
l.20 
     
? 
! Missing $ inserted.
<inserted text> 
                $
<to be read again> 
                   \underline 
l.21 \noindent \underline
                         {Major changes}:\\
? 
Runaway argument?
 
! Paragraph ended before \\ was complete.
<to be read again> 
                   \par 
l.22 
     
? 
! Missing $ inserted.
<inserted text> 
                $
<to be read again> 
                   \par 
l.22 
     
? 
! Undefined control sequence.
l.25 \begin
           {enumerate}[1.]
? 
Runaway argument?
[-3ex]  
! Paragraph ended before \\ was complete.
<to be read again> 
                   \par 
l.28 
     
? 
Runaway argument?
[-3ex]  
! Paragraph ended before \\ was complete.
<to be read again> 
                   \par 
l.30 
     
? 
Runaway argument?
[1ex] 
! Paragraph ended before \\ was complete.
<to be read again> 
                   \par 
l.32 
     
? 
[1{/usr/local/texlive/2018/texmf-var/fonts/map/pdftex/updmap/pdftex.map}] )</us
r/local/texlive/2018/texmf-dist/fonts/type1/public/amsfonts/cm/cmbx10.pfb></usr
/local/texlive/2018/texmf-dist/fonts/type1/public/amsfonts/cm/cmmi10.pfb></usr/
local/texlive/2018/texmf-dist/fonts/type1/public/amsfonts/cm/cmmi7.pfb></usr/lo
cal/texlive/2018/texmf-dist/fonts/type1/public/amsfonts/cm/cmr10.pfb></usr/loca
l/texlive/2018/texmf-dist/fonts/type1/public/amsfonts/cm/cmr7.pfb></usr/local/t
exlive/2018/texmf-dist/fonts/type1/public/amsfonts/cm/cmsy10.pfb></usr/local/te
xlive/2018/texmf-dist/fonts/type1/public/amsfonts/cm/cmti10.pfb>
Output written on Res.pdf (1 page, 80978 bytes).
PDF statistics:
 36 PDF objects out of 1000 (max. 8388607)
 25 compressed objects within 1 object stream
 0 named destinations out of 1000 (max. 500000)
 1 words of extra memory for PDF output out of 10000 (max. 10000000)

